--------
/dfs/ilhome1/3/cysuen/curis-2012/nifty/filter.Err
Fri Jun 29 10:19:15 2012
Execution stopped: ((this!=GetNullRStr())&&(Refs==0))||((this==GetNullRStr())&&(Refs==1)), file ../../snap/glib-core/dt.h, line 343
--------
--------
/dfs/ilhome1/3/cysuen/curis-2012/nifty/filter.Err
Fri Jun 29 10:20:24 2012
Execution stopped: ((this!=GetNullRStr())&&(Refs==0))||((this==GetNullRStr())&&(Refs==1)), file ../../snap/glib-core/dt.h, line 343
--------
--------
/dfs/ilhome1/3/cysuen/curis-2012/nifty/filter.Err
Fri Jun 29 10:21:27 2012
Execution stopped: ((this!=GetNullRStr())&&(Refs==0))||((this==GetNullRStr())&&(Refs==1)), file ../../snap/glib-core/dt.h, line 343
--------
--------
/dfs/ilhome1/3/cysuen/curis-2012/nifty/filter.Err
Fri Jun 29 10:24:57 2012
Execution stopped: ((this!=GetNullRStr())&&(Refs==0))||((this==GetNullRStr())&&(Refs==1)), file ../../snap/glib-core/dt.h, line 343
--------
--------
/dfs/ilhome1/3/cysuen/curis-2012/nifty/filter.Err
Fri Jun 29 10:31:51 2012
Execution stopped: ((this!=GetNullRStr())&&(Refs==0))||((this==GetNullRStr())&&(Refs==1)), file ../../snap/glib-core/dt.h, line 343
--------
--------
/dfs/ilhome1/3/cysuen/curis-2012/nifty/filter.Err
Fri Jun 29 10:43:57 2012
Execution stopped: ((this!=GetNullRStr())&&(Refs==0))||((this==GetNullRStr())&&(Refs==1)), file ../../snap/glib-core/dt.h, line 343
--------
--------
/dfs/ilhome1/3/cysuen/curis-2012/nifty/filter.Err
Fri Jun 29 11:01:05 2012
Execution stopped: ((this!=GetNullRStr())&&(Refs==0))||((this==GetNullRStr())&&(Refs==1)), file ../../snap/glib-core/dt.h, line 343
--------
--------
/dfs/ilhome1/3/cysuen/curis-2012/nifty/filter.Err
Fri Jun 29 11:05:19 2012
Execution stopped: ((this!=GetNullRStr())&&(Refs==0))||((this==GetNullRStr())&&(Refs==1)), file ../../snap/glib-core/dt.h, line 343
--------
--------
/dfs/ilhome1/3/cysuen/curis-2012/nifty/filter.Err
Fri Jun 29 16:14:42 2012
Execution stopped: ((this!=GetNullRStr())&&(Refs==0))||((this==GetNullRStr())&&(Refs==1)), file ../../snap/glib-core/dt.h, line 343
--------
--------
/dfs/ilhome1/3/cysuen/curis-2012/nifty/filter.Err
Fri Jun 29 16:19:03 2012
Execution stopped: ((this!=GetNullRStr())&&(Refs==0))||((this==GetNullRStr())&&(Refs==1)), file ../../snap/glib-core/dt.h, line 343
--------
--------
/dfs/ilhome1/3/cysuen/curis-2012/nifty/filter.Err
Fri Jun 29 16:20:37 2012
Execution stopped: ((this!=GetNullRStr())&&(Refs==0))||((this==GetNullRStr())&&(Refs==1)), file ../../snap/glib-core/dt.h, line 343
--------
--------
/dfs/ilhome1/3/cysuen/curis-2012/nifty/filter.Err
Fri Jun 29 16:29:10 2012
Execution stopped: ((this!=GetNullRStr())&&(Refs==0))||((this==GetNullRStr())&&(Refs==1)), file ../../snap/glib-core/dt.h, line 343
--------
--------
/dfs/ilhome1/3/cysuen/curis-2012/nifty/filter.Err
Fri Jun 29 17:05:43 2012
Execution stopped: ((this!=GetNullRStr())&&(Refs==0))||((this==GetNullRStr())&&(Refs==1)), file ../../snap/glib-core/dt.h, line 343
--------
--------
/dfs/ilhome1/3/cysuen/curis-2012/nifty/filter.Err
Fri Jun 29 17:08:06 2012
Execution stopped: ((this!=GetNullRStr())&&(Refs==0))||((this==GetNullRStr())&&(Refs==1)), file ../../snap/glib-core/dt.h, line 343
--------
--------
/dfs/ilhome1/3/cysuen/curis-2012/nifty/filter.Err
Fri Jun 29 17:22:21 2012
Execution stopped: ((this!=GetNullRStr())&&(Refs==0))||((this==GetNullRStr())&&(Refs==1)), file ../../snap/glib-core/dt.h, line 343
--------
--------
/dfs/ilhome1/3/cysuen/curis-2012/nifty/filter.Err
Fri Jun 29 17:26:28 2012
Execution stopped: ((this!=GetNullRStr())&&(Refs==0))||((this==GetNullRStr())&&(Refs==1)), file ../../snap/glib-core/dt.h, line 343
--------
--------
/dfs/ilhome1/3/cysuen/curis-2012/nifty/filter.Err
Fri Jun 29 18:11:08 2012
Execution stopped: ((this!=GetNullRStr())&&(Refs==0))||((this==GetNullRStr())&&(Refs==1)), file ../../snap/glib-core/dt.h, line 343
--------
--------
/dfs/ilhome1/3/cysuen/curis-2012/nifty/filter.Err
Mon Jul  2 10:16:10 2012
Execution stopped: ((this!=GetNullRStr())&&(Refs==0))||((this==GetNullRStr())&&(Refs==1)), file ../../snap/glib-core/dt.h, line 343
--------
--------
/dfs/ilhome1/3/cysuen/curis-2012/nifty/filter.Err
Mon Jul  2 12:56:44 2012
Execution stopped: ((this!=GetNullRStr())&&(Refs==0))||((this==GetNullRStr())&&(Refs==1)), file ../../snap/glib-core/dt.h, line 343
--------
